active.txt
visual.txt
stations.txt
tle-new.txt
analyst.txt
weather.txt
noaa.txt
goes.txt
resource.txt
sarsat.txt
dmc.txt
tdrss.txt
argos.txt
planet.txt
spire.txt
geo.txt
intelsat.txt
ses.txt
iridium.txt
iridium-NEXT.txt
oneweb.txt
starlink.txt
orbcomm.txt
globalstar.txt
swarm.txt
amateur.txt
x-comm.txt
other-comm.txt
satnogs.txt
gorizont.txt
raduga.txt
molniya.txt
gnss.txt
gps-ops.txt
glo-ops.txt
galileo.txt
beidou.txt
sbas.txt
nnss.txt
musson.txt
science.txt
geodetic.txt
engineering.txt
education.txt
military.txt
radar.txt
cubesat.txt
other.txt
gpz.txt
gpz-plus.txt
